{"date":"Thu Sep 26 2024 17:23:39 GMT+0100 (West Africa Standard Time)","error":{},"exception":true,"label":"SangaBooks","level":"error","message":"uncaughtException: logger is not defined\nReferenceError: logger is not defined\n    at Server.<anonymous> (file:///C:/Works/sanga/server.js:10:3)\n    at Object.onceWrapper (node:events:633:28)\n    at Server.emit (node:events:531:35)\n    at emitListeningNT (node:net:1927:10)\n    at process.processTicksAndRejections (node:internal/process/task_queues:81:21)","os":{"loadavg":[0,0,0],"uptime":269457.015},"process":{"argv":["C:\\Program Files\\nodejs\\node.exe","C:\\Works\\sanga\\server.js"],"cwd":"C:\\Works\\sanga","execPath":"C:\\Program Files\\nodejs\\node.exe","gid":null,"memoryUsage":{"arrayBuffers":18262800,"external":20861879,"heapTotal":36433920,"heapUsed":26814168,"rss":72437760},"pid":19036,"uid":null,"version":"v21.6.1"},"stack":"ReferenceError: logger is not defined\n    at Server.<anonymous> (file:///C:/Works/sanga/server.js:10:3)\n    at Object.onceWrapper (node:events:633:28)\n    at Server.emit (node:events:531:35)\n    at emitListeningNT (node:net:1927:10)\n    at process.processTicksAndRejections (node:internal/process/task_queues:81:21)","timestamp":"2024-09-26T16:23:39.010Z","trace":[{"column":3,"file":"file:///C:/Works/sanga/server.js","function":null,"line":10,"method":null,"native":false},{"column":28,"file":"node:events","function":"Object.onceWrapper","line":633,"method":"onceWrapper","native":false},{"column":35,"file":"node:events","function":"Server.emit","line":531,"method":"emit","native":false},{"column":10,"file":"node:net","function":"emitListeningNT","line":1927,"method":null,"native":false},{"column":21,"file":"node:internal/process/task_queues","function":"process.processTicksAndRejections","line":81,"method":"processTicksAndRejections","native":false}]}
{"label":"SangaBooks","level":"info","message":"\u001b[36m\u001b[1mDeepcode server kickstart to life on port 5000\u001b[22m\u001b[39m","timestamp":"2024-09-26T16:24:33.101Z"}
{"label":"SangaBooks","level":"info","message":"\u001b[33m\u001b[1mDatabase connected on: cluster0-shard-00-02.nvs56.mongodb.net\u001b[22m\u001b[39m","timestamp":"2024-09-26T16:24:35.398Z"}
{"label":"SangaBooks","level":"info","message":"\u001b[36m\u001b[1mSangaBooks server kickstart to life on port 5000\u001b[22m\u001b[39m","timestamp":"2024-09-26T16:24:50.806Z"}
{"label":"SangaBooks","level":"info","message":"\u001b[33m\u001b[1mDatabase connected on: cluster0-shard-00-01.nvs56.mongodb.net\u001b[22m\u001b[39m","timestamp":"2024-09-26T16:24:53.099Z"}
{"label":"SangaBooks","level":"info","message":"\u001b[36m\u001b[1mSangaBooks server kickstart to life on port 5000\u001b[22m\u001b[39m","timestamp":"2024-09-26T16:30:26.538Z"}
{"label":"SangaBooks","level":"info","message":"\u001b[33m\u001b[1mDatabase connected on: cluster0-shard-00-02.nvs56.mongodb.net\u001b[22m\u001b[39m","timestamp":"2024-09-26T16:30:29.054Z"}
{"label":"SangaBooks","level":"info","message":"\u001b[36m\u001b[1mSangaBooks server kickstart to life on port 5000\u001b[22m\u001b[39m","timestamp":"2024-09-26T16:32:18.118Z"}
{"label":"SangaBooks","level":"info","message":"\u001b[33m\u001b[1mDatabase connected on: cluster0-shard-00-01.nvs56.mongodb.net\u001b[22m\u001b[39m","timestamp":"2024-09-26T16:32:20.900Z"}
{"label":"SangaBooks","level":"info","message":"\u001b[36m\u001b[1mSangaBooks server kickstart to life on port 5000\u001b[22m\u001b[39m","timestamp":"2024-09-26T16:33:59.679Z"}
{"label":"SangaBooks","level":"info","message":"\u001b[33m\u001b[1mDatabase connected on: cluster0-shard-00-02.nvs56.mongodb.net\u001b[22m\u001b[39m","timestamp":"2024-09-26T16:34:02.609Z"}
{"label":"SangaBooks","level":"info","message":"\u001b[36m\u001b[1mSangaBooks server kickstart to life on port 5000\u001b[22m\u001b[39m","timestamp":"2024-09-26T16:36:36.581Z"}
{"label":"SangaBooks","level":"info","message":"\u001b[33m\u001b[1mDatabase connected on: cluster0-shard-00-01.nvs56.mongodb.net\u001b[22m\u001b[39m","timestamp":"2024-09-26T16:36:39.068Z"}
{"label":"SangaBooks","level":"info","message":"\u001b[36m\u001b[1mSangaBooks server kickstart to life on port 5000\u001b[22m\u001b[39m","timestamp":"2024-09-26T16:37:09.049Z"}
{"label":"SangaBooks","level":"info","message":"\u001b[33m\u001b[1mDatabase connected on: cluster0-shard-00-02.nvs56.mongodb.net\u001b[22m\u001b[39m","timestamp":"2024-09-26T16:37:11.654Z"}
{"label":"SangaBooks","level":"info","message":"\u001b[36m\u001b[1mSangaBooks server kickstart to life on port 5000\u001b[22m\u001b[39m","timestamp":"2024-09-26T16:38:22.067Z"}
{"label":"SangaBooks","level":"info","message":"\u001b[33m\u001b[1mDatabase connected on: cluster0-shard-00-02.nvs56.mongodb.net\u001b[22m\u001b[39m","timestamp":"2024-09-26T16:38:24.992Z"}
{"label":"SangaBooks","level":"info","message":"\u001b[36m\u001b[1mSangaBooks server kickstart to life on port 5000\u001b[22m\u001b[39m","timestamp":"2024-09-26T16:38:48.933Z"}
{"label":"SangaBooks","level":"info","message":"\u001b[33m\u001b[1mDatabase connected on: cluster0-shard-00-01.nvs56.mongodb.net\u001b[22m\u001b[39m","timestamp":"2024-09-26T16:38:51.290Z"}
{"label":"SangaBooks","level":"info","message":"\u001b[36m\u001b[1mSangaBooks server kickstart to life on port 5000\u001b[22m\u001b[39m","timestamp":"2024-09-26T16:39:07.319Z"}
{"label":"SangaBooks","level":"info","message":"\u001b[33m\u001b[1mDatabase connected on: cluster0-shard-00-01.nvs56.mongodb.net\u001b[22m\u001b[39m","timestamp":"2024-09-26T16:39:09.648Z"}
{"label":"SangaBooks","level":"info","message":"\u001b[36m\u001b[1mSangaBooks server kickstart to life on port 5000\u001b[22m\u001b[39m","timestamp":"2024-09-26T16:40:27.421Z"}
{"label":"SangaBooks","level":"info","message":"\u001b[33m\u001b[1mDatabase connected on: cluster0-shard-00-01.nvs56.mongodb.net\u001b[22m\u001b[39m","timestamp":"2024-09-26T16:40:31.552Z"}
{"label":"SangaBooks","level":"info","message":"\u001b[36m\u001b[1mSangaBooks server kickstart to life on port 5000\u001b[22m\u001b[39m","timestamp":"2024-09-26T16:40:38.193Z"}
{"label":"SangaBooks","level":"info","message":"\u001b[33m\u001b[1mDatabase connected on: cluster0-shard-00-01.nvs56.mongodb.net\u001b[22m\u001b[39m","timestamp":"2024-09-26T16:40:40.572Z"}
{"label":"SangaBooks","level":"info","message":"\u001b[36m\u001b[1mSangaBooks server kickstart to life on port 5000\u001b[22m\u001b[39m","timestamp":"2024-09-26T16:42:28.309Z"}
{"label":"SangaBooks","level":"info","message":"\u001b[33m\u001b[1mDatabase connected on: cluster0-shard-00-02.nvs56.mongodb.net\u001b[22m\u001b[39m","timestamp":"2024-09-26T16:42:30.878Z"}
{"label":"SangaBooks","level":"info","message":"\u001b[36m\u001b[1mSangaBooks server kickstart to life on port 5000\u001b[22m\u001b[39m","timestamp":"2024-09-26T16:43:11.954Z"}
{"label":"SangaBooks","level":"info","message":"\u001b[33m\u001b[1mDatabase connected on: cluster0-shard-00-00.nvs56.mongodb.net\u001b[22m\u001b[39m","timestamp":"2024-09-26T16:43:14.339Z"}
{"label":"SangaBooks","level":"info","message":"\u001b[36m\u001b[1mSangaBooks server kickstart to life on port 5000\u001b[22m\u001b[39m","timestamp":"2024-09-26T16:44:01.813Z"}
{"label":"SangaBooks","level":"info","message":"\u001b[33m\u001b[1mDatabase connected on: cluster0-shard-00-00.nvs56.mongodb.net\u001b[22m\u001b[39m","timestamp":"2024-09-26T16:44:04.616Z"}
{"label":"SangaBooks","level":"info","message":"\u001b[36m\u001b[1mSangaBooks server kickstart to life on port 5000\u001b[22m\u001b[39m","timestamp":"2024-09-26T16:44:12.098Z"}
{"label":"SangaBooks","level":"info","message":"\u001b[33m\u001b[1mDatabase connected on: cluster0-shard-00-02.nvs56.mongodb.net\u001b[22m\u001b[39m","timestamp":"2024-09-26T16:44:14.921Z"}
{"label":"SangaBooks","level":"info","message":"\u001b[36m\u001b[1mSangaBooks server kickstart to life on port 5000\u001b[22m\u001b[39m","timestamp":"2024-09-26T16:45:49.988Z"}
{"label":"SangaBooks","level":"info","message":"\u001b[33m\u001b[1mDatabase connected on: cluster0-shard-00-02.nvs56.mongodb.net\u001b[22m\u001b[39m","timestamp":"2024-09-26T16:45:52.745Z"}
{"label":"SangaBooks","level":"info","message":"\u001b[36m\u001b[1mSangaBooks server kickstart to life on port 5000\u001b[22m\u001b[39m","timestamp":"2024-09-26T16:56:39.726Z"}
{"label":"SangaBooks","level":"info","message":"\u001b[33m\u001b[1mDatabase connected on: cluster0-shard-00-00.nvs56.mongodb.net\u001b[22m\u001b[39m","timestamp":"2024-09-26T16:56:42.876Z"}
{"label":"SangaBooks","level":"info","message":"\u001b[36m\u001b[1mSangaBooks server kickstart to life on port 5000\u001b[22m\u001b[39m","timestamp":"2024-09-26T16:58:44.657Z"}
{"label":"SangaBooks","level":"info","message":"\u001b[33m\u001b[1mDatabase connected on: cluster0-shard-00-01.nvs56.mongodb.net\u001b[22m\u001b[39m","timestamp":"2024-09-26T16:58:47.076Z"}
{"label":"SangaBooks","level":"info","message":"\u001b[36m\u001b[1mSangaBooks server kickstart to life on port 5000\u001b[22m\u001b[39m","timestamp":"2024-09-26T17:00:09.283Z"}
{"label":"SangaBooks","level":"error","message":"\u001b[31m\u001b[1mError: connection timed out ❌❌❌\u001b[22m\u001b[39m","timestamp":"2024-09-26T17:00:44.378Z"}
{"label":"SangaBooks","level":"info","message":"\u001b[36m\u001b[1mSangaBooks server kickstart to life on port 5000\u001b[22m\u001b[39m","timestamp":"2024-09-26T17:04:23.943Z"}
{"label":"SangaBooks","level":"info","message":"\u001b[33m\u001b[1mDatabase connected on: cluster0-shard-00-00.nvs56.mongodb.net\u001b[22m\u001b[39m","timestamp":"2024-09-26T17:04:26.860Z"}
{"label":"SangaBooks","level":"info","message":"\u001b[36m\u001b[1mSangaBooks server kickstart to life on port 5000\u001b[22m\u001b[39m","timestamp":"2024-09-26T17:05:04.432Z"}
{"label":"SangaBooks","level":"info","message":"\u001b[33m\u001b[1mDatabase connected on: cluster0-shard-00-02.nvs56.mongodb.net\u001b[22m\u001b[39m","timestamp":"2024-09-26T17:05:07.477Z"}
{"label":"SangaBooks","level":"info","message":"\u001b[36m\u001b[1mSangaBooks server kickstart to life on port 5000\u001b[22m\u001b[39m","timestamp":"2024-09-26T17:07:31.211Z"}
{"label":"SangaBooks","level":"info","message":"\u001b[33m\u001b[1mDatabase connected on: cluster0-shard-00-00.nvs56.mongodb.net\u001b[22m\u001b[39m","timestamp":"2024-09-26T17:07:34.579Z"}
{"label":"SangaBooks","level":"info","message":"\u001b[36m\u001b[1mSangaBooks server kickstart to life on port 5000\u001b[22m\u001b[39m","timestamp":"2024-09-26T17:09:28.437Z"}
{"label":"SangaBooks","level":"info","message":"\u001b[33m\u001b[1mDatabase connected on: cluster0-shard-00-00.nvs56.mongodb.net\u001b[22m\u001b[39m","timestamp":"2024-09-26T17:09:31.238Z"}
{"label":"SangaBooks","level":"info","message":"\u001b[36m\u001b[1mSangaBooks server kickstart to life on port 5000\u001b[22m\u001b[39m","timestamp":"2024-09-26T17:09:51.255Z"}
{"label":"SangaBooks","level":"info","message":"\u001b[33m\u001b[1mDatabase connected on: cluster0-shard-00-00.nvs56.mongodb.net\u001b[22m\u001b[39m","timestamp":"2024-09-26T17:09:53.750Z"}
{"label":"SangaBooks","level":"info","message":"\u001b[36m\u001b[1mSangaBooks server kickstart to life on port 5000\u001b[22m\u001b[39m","timestamp":"2024-09-26T17:10:09.989Z"}
{"label":"SangaBooks","level":"info","message":"\u001b[36m\u001b[1mSangaBooks server kickstart to life on port 5000\u001b[22m\u001b[39m","timestamp":"2024-09-26T17:10:15.431Z"}
{"label":"SangaBooks","level":"info","message":"\u001b[33m\u001b[1mDatabase connected on: cluster0-shard-00-00.nvs56.mongodb.net\u001b[22m\u001b[39m","timestamp":"2024-09-26T17:10:17.858Z"}
{"label":"SangaBooks","level":"info","message":"\u001b[36m\u001b[1mSangaBooks server kickstart to life on port 5000\u001b[22m\u001b[39m","timestamp":"2024-09-26T17:11:57.758Z"}
{"label":"SangaBooks","level":"info","message":"\u001b[33m\u001b[1mDatabase connected on: cluster0-shard-00-02.nvs56.mongodb.net\u001b[22m\u001b[39m","timestamp":"2024-09-26T17:12:00.221Z"}
{"label":"SangaBooks","level":"info","message":"\u001b[36m\u001b[1mSangaBooks server kickstart to life on port 5000\u001b[22m\u001b[39m","timestamp":"2024-09-26T17:12:20.089Z"}
{"label":"SangaBooks","level":"info","message":"\u001b[33m\u001b[1mDatabase connected on: cluster0-shard-00-02.nvs56.mongodb.net\u001b[22m\u001b[39m","timestamp":"2024-09-26T17:12:22.354Z"}
{"label":"SangaBooks","level":"info","message":"\u001b[36m\u001b[1mSangaBooks server kickstart to life on port 5000\u001b[22m\u001b[39m","timestamp":"2024-09-26T17:12:49.603Z"}
{"label":"SangaBooks","level":"info","message":"\u001b[33m\u001b[1mDatabase connected on: cluster0-shard-00-02.nvs56.mongodb.net\u001b[22m\u001b[39m","timestamp":"2024-09-26T17:12:52.559Z"}
{"label":"SangaBooks","level":"info","message":"\u001b[36m\u001b[1mSangaBooks server kickstart to life on port 5000\u001b[22m\u001b[39m","timestamp":"2024-09-26T17:15:40.781Z"}
{"label":"SangaBooks","level":"info","message":"\u001b[33m\u001b[1mDatabase connected on: cluster0-shard-00-01.nvs56.mongodb.net\u001b[22m\u001b[39m","timestamp":"2024-09-26T17:15:43.313Z"}
{"label":"SangaBooks","level":"info","message":"\u001b[36m\u001b[1mSangaBooks server kickstart to life on port 5000\u001b[22m\u001b[39m","timestamp":"2024-09-26T17:16:51.582Z"}
{"label":"SangaBooks","level":"info","message":"\u001b[33m\u001b[1mDatabase connected on: cluster0-shard-00-01.nvs56.mongodb.net\u001b[22m\u001b[39m","timestamp":"2024-09-26T17:16:54.571Z"}
{"label":"SangaBooks","level":"info","message":"\u001b[36m\u001b[1mSangaBooks server kickstart to life on port 5000\u001b[22m\u001b[39m","timestamp":"2024-09-26T17:23:33.276Z"}
{"label":"SangaBooks","level":"info","message":"\u001b[33m\u001b[1mDatabase connected on: cluster0-shard-00-00.nvs56.mongodb.net\u001b[22m\u001b[39m","timestamp":"2024-09-26T17:23:35.970Z"}
{"label":"SangaBooks","level":"info","message":"\u001b[36m\u001b[1mSangaBooks server kickstart to life on port 5000\u001b[22m\u001b[39m","timestamp":"2024-09-26T17:30:03.520Z"}
{"label":"SangaBooks","level":"info","message":"\u001b[33m\u001b[1mDatabase connected on: cluster0-shard-00-02.nvs56.mongodb.net\u001b[22m\u001b[39m","timestamp":"2024-09-26T17:30:07.089Z"}
